<?xml version="1.0" encoding="UTF-8"?>
<!-- Generated by org.testng.reporters.JUnitReportReporter -->
<testsuite skipped="0" hostname="sathya" name="testing.MavenTest" tests="1" failures="0" timestamp="28 Mar 2019 04:41:45 GMT" time="15.974" errors="0">
  <testcase name="testEasy" time="15.974" classname="testing.MavenTest"/>
</testsuite> <!-- testing.MavenTest -->
