<?xml version="1.0" encoding="UTF-8"?>
<!-- Generated by org.testng.reporters.JUnitReportReporter -->
<testsuite skipped="0" hostname="sathya" name="testing.MavenTest" tests="1" failures="0" timestamp="22 Mar 2019 05:08:22 GMT" time="7.794" errors="0">
  <testcase name="testEasy" time="7.794" classname="testing.MavenTest"/>
</testsuite> <!-- testing.MavenTest -->
