<?xml version="1.0" encoding="UTF-8"?>
<!-- Generated by org.testng.reporters.JUnitReportReporter -->
<testsuite hostname="Ruse-Darv-PC" name="sample.NewTest" tests="1" failures="0" timestamp="27 Mar 2019 13:12:00 GMT" time="53.006" errors="0">
  <testcase name="f" time="53.006" classname="sample.NewTest"/>
</testsuite> <!-- sample.NewTest -->
