<?xml version="1.0" encoding="UTF-8"?>
<!-- Generated by org.testng.reporters.JUnitReportReporter -->
<testsuite skipped="0" hostname="sathya" name="testing.MavenTest" tests="1" failures="0" timestamp="27 Mar 2019 11:40:07 GMT" time="10.225" errors="0">
  <testcase name="testEasy" time="10.225" classname="testing.MavenTest"/>
</testsuite> <!-- testing.MavenTest -->
