<?xml version="1.0" encoding="UTF-8"?>
<!-- Generated by org.testng.reporters.JUnitReportReporter -->
<testsuite skipped="0" hostname="sathya" name="testing.MavenTest" tests="1" failures="0" timestamp="28 Mar 2019 04:25:46 GMT" time="3.697" errors="0">
  <testcase name="testEasy" time="3.697" classname="testing.MavenTest"/>
</testsuite> <!-- testing.MavenTest -->
